2023-03-15 18:07:30.941 [main] INFO  org.calculator.Calculate - [FACTORIAL] - 4
2023-03-15 18:07:30.948 [main] INFO  org.calculator.Calculate - [RESULT - FACTORIAL] - 24
2023-03-15 18:07:45.370 [main] INFO  org.calculator.Calculate - [SQ ROOT] - 36.0
2023-03-15 18:07:45.373 [main] INFO  org.calculator.Calculate - [RESULT - SQ ROOT] - 6.0
2023-03-15 18:07:50.377 [main] INFO  org.calculator.Calculate - [POWER - 4.0 RAISED TO] 5.0
2023-03-15 18:07:50.377 [main] INFO  org.calculator.Calculate - [RESULT - POWER] - 1024.0
2023-03-15 18:08:23.734 [main] INFO  org.calculator.Calculate - [NATURAL LOG] - -10.0
2023-03-15 18:08:23.738 [main] INFO  org.calculator.Calculate - [RESULT - NATURAL LOG] - NaN
2023-03-16 22:14:38.584 [main] INFO  org.calculator.Calculate - [SQ ROOT] - 16.0
2023-03-16 22:14:38.586 [main] INFO  org.calculator.Calculate - [RESULT - SQ ROOT] - 4.0
2023-03-16 22:14:38.586 [main] INFO  org.calculator.Calculate - [SQ ROOT] - 1.0
2023-03-16 22:14:38.587 [main] INFO  org.calculator.Calculate - [RESULT - SQ ROOT] - 1.0
2023-03-16 22:14:38.587 [main] INFO  org.calculator.Calculate - [SQ ROOT] - 81.0
2023-03-16 22:14:38.587 [main] INFO  org.calculator.Calculate - [RESULT - SQ ROOT] - 9.0
2023-03-16 22:14:38.587 [main] INFO  org.calculator.Calculate - [SQ ROOT] - 36.0
2023-03-16 22:14:38.588 [main] INFO  org.calculator.Calculate - [RESULT - SQ ROOT] - 6.0
2023-03-16 22:14:38.588 [main] INFO  org.calculator.Calculate - [SQ ROOT] - 3.0
2023-03-16 22:14:38.589 [main] INFO  org.calculator.Calculate - [RESULT - SQ ROOT] - 1.7320508075688772
2023-03-16 22:14:38.589 [main] INFO  org.calculator.Calculate - [SQ ROOT] - 4.0
2023-03-16 22:14:38.589 [main] INFO  org.calculator.Calculate - [RESULT - SQ ROOT] - 2.0
2023-03-16 22:14:38.589 [main] INFO  org.calculator.Calculate - [SQ ROOT] - 81.0
2023-03-16 22:14:38.590 [main] INFO  org.calculator.Calculate - [RESULT - SQ ROOT] - 9.0
2023-03-16 22:14:38.590 [main] INFO  org.calculator.Calculate - [SQ ROOT] - 36.0
2023-03-16 22:14:38.590 [main] INFO  org.calculator.Calculate - [RESULT - SQ ROOT] - 6.0
2023-03-16 22:14:38.591 [main] INFO  org.calculator.Calculate - [NATURAL LOG] - 1.0
2023-03-16 22:14:38.591 [main] INFO  org.calculator.Calculate - [RESULT - NATURAL LOG] - 0.0
2023-03-16 22:14:38.599 [main] INFO  org.calculator.Calculate - [POWER - 2.0 RAISED TO] 3.0
2023-03-16 22:14:38.599 [main] INFO  org.calculator.Calculate - [RESULT - POWER] - 8.0
2023-03-16 22:14:38.599 [main] INFO  org.calculator.Calculate - [POWER - 3.0 RAISED TO] 3.0
2023-03-16 22:14:38.600 [main] INFO  org.calculator.Calculate - [RESULT - POWER] - 27.0
2023-03-16 22:14:38.600 [main] INFO  org.calculator.Calculate - [POWER - 4.0 RAISED TO] 3.0
2023-03-16 22:14:38.600 [main] INFO  org.calculator.Calculate - [RESULT - POWER] - 64.0
2023-03-16 22:14:38.600 [main] INFO  org.calculator.Calculate - [POWER - 5.0 RAISED TO] 3.0
2023-03-16 22:14:38.601 [main] INFO  org.calculator.Calculate - [RESULT - POWER] - 125.0
2023-03-16 22:14:38.601 [main] INFO  org.calculator.Calculate - [POWER - 2.0 RAISED TO] 3.0
2023-03-16 22:14:38.601 [main] INFO  org.calculator.Calculate - [RESULT - POWER] - 8.0
2023-03-16 22:14:38.602 [main] INFO  org.calculator.Calculate - [POWER - 1.0 RAISED TO] 3.0
2023-03-16 22:14:38.602 [main] INFO  org.calculator.Calculate - [RESULT - POWER] - 1.0
2023-03-16 22:14:38.602 [main] INFO  org.calculator.Calculate - [POWER - 3.0 RAISED TO] 4.0
2023-03-16 22:14:38.603 [main] INFO  org.calculator.Calculate - [RESULT - POWER] - 81.0
2023-03-16 22:14:38.603 [main] INFO  org.calculator.Calculate - [POWER - 4.0 RAISED TO] 3.0
2023-03-16 22:14:38.604 [main] INFO  org.calculator.Calculate - [RESULT - POWER] - 64.0
2023-03-16 22:14:38.604 [main] INFO  org.calculator.Calculate - [POWER - 5.0 RAISED TO] 2.0
2023-03-16 22:14:38.604 [main] INFO  org.calculator.Calculate - [RESULT - POWER] - 25.0
2023-03-16 22:14:38.605 [main] INFO  org.calculator.Calculate - [NATURAL LOG] - 2.4
2023-03-16 22:14:38.605 [main] INFO  org.calculator.Calculate - [RESULT - NATURAL LOG] - 0.8754687373538999
2023-03-16 22:14:38.605 [main] INFO  org.calculator.Calculate - [NATURAL LOG] - 2.1
2023-03-16 22:14:38.605 [main] INFO  org.calculator.Calculate - [RESULT - NATURAL LOG] - 0.7419373447293773
2023-03-16 22:19:09.133 [main] INFO  org.calculator.Calculate - [SQ ROOT] - 16.0
2023-03-16 22:19:09.135 [main] INFO  org.calculator.Calculate - [RESULT - SQ ROOT] - 4.0
2023-03-16 22:19:09.136 [main] INFO  org.calculator.Calculate - [SQ ROOT] - 1.0
2023-03-16 22:19:09.136 [main] INFO  org.calculator.Calculate - [RESULT - SQ ROOT] - 1.0
2023-03-16 22:19:09.136 [main] INFO  org.calculator.Calculate - [SQ ROOT] - 81.0
2023-03-16 22:19:09.137 [main] INFO  org.calculator.Calculate - [RESULT - SQ ROOT] - 9.0
2023-03-16 22:19:09.137 [main] INFO  org.calculator.Calculate - [SQ ROOT] - 36.0
2023-03-16 22:19:09.137 [main] INFO  org.calculator.Calculate - [RESULT - SQ ROOT] - 6.0
2023-03-16 22:19:09.138 [main] INFO  org.calculator.Calculate - [SQ ROOT] - 3.0
2023-03-16 22:19:09.138 [main] INFO  org.calculator.Calculate - [RESULT - SQ ROOT] - 1.7320508075688772
2023-03-16 22:19:09.139 [main] INFO  org.calculator.Calculate - [SQ ROOT] - 4.0
2023-03-16 22:19:09.139 [main] INFO  org.calculator.Calculate - [RESULT - SQ ROOT] - 2.0
2023-03-16 22:19:09.139 [main] INFO  org.calculator.Calculate - [SQ ROOT] - 81.0
2023-03-16 22:19:09.140 [main] INFO  org.calculator.Calculate - [RESULT - SQ ROOT] - 9.0
2023-03-16 22:19:09.140 [main] INFO  org.calculator.Calculate - [SQ ROOT] - 36.0
2023-03-16 22:19:09.141 [main] INFO  org.calculator.Calculate - [RESULT - SQ ROOT] - 6.0
2023-03-16 22:19:09.141 [main] INFO  org.calculator.Calculate - [NATURAL LOG] - 1.0
2023-03-16 22:19:09.142 [main] INFO  org.calculator.Calculate - [RESULT - NATURAL LOG] - 0.0
2023-03-16 22:19:09.149 [main] INFO  org.calculator.Calculate - [POWER - 2.0 RAISED TO] 3.0
2023-03-16 22:19:09.149 [main] INFO  org.calculator.Calculate - [RESULT - POWER] - 8.0
2023-03-16 22:19:09.150 [main] INFO  org.calculator.Calculate - [POWER - 3.0 RAISED TO] 3.0
2023-03-16 22:19:09.150 [main] INFO  org.calculator.Calculate - [RESULT - POWER] - 27.0
2023-03-16 22:19:09.150 [main] INFO  org.calculator.Calculate - [POWER - 4.0 RAISED TO] 3.0
2023-03-16 22:19:09.150 [main] INFO  org.calculator.Calculate - [RESULT - POWER] - 64.0
2023-03-16 22:19:09.151 [main] INFO  org.calculator.Calculate - [POWER - 5.0 RAISED TO] 3.0
2023-03-16 22:19:09.151 [main] INFO  org.calculator.Calculate - [RESULT - POWER] - 125.0
2023-03-16 22:19:09.152 [main] INFO  org.calculator.Calculate - [POWER - 2.0 RAISED TO] 3.0
2023-03-16 22:19:09.152 [main] INFO  org.calculator.Calculate - [RESULT - POWER] - 8.0
2023-03-16 22:19:09.152 [main] INFO  org.calculator.Calculate - [POWER - 1.0 RAISED TO] 3.0
2023-03-16 22:19:09.153 [main] INFO  org.calculator.Calculate - [RESULT - POWER] - 1.0
2023-03-16 22:19:09.153 [main] INFO  org.calculator.Calculate - [POWER - 3.0 RAISED TO] 4.0
2023-03-16 22:19:09.153 [main] INFO  org.calculator.Calculate - [RESULT - POWER] - 81.0
2023-03-16 22:19:09.153 [main] INFO  org.calculator.Calculate - [POWER - 4.0 RAISED TO] 3.0
2023-03-16 22:19:09.154 [main] INFO  org.calculator.Calculate - [RESULT - POWER] - 64.0
2023-03-16 22:19:09.154 [main] INFO  org.calculator.Calculate - [POWER - 5.0 RAISED TO] 2.0
2023-03-16 22:19:09.154 [main] INFO  org.calculator.Calculate - [RESULT - POWER] - 25.0
2023-03-16 22:19:09.155 [main] INFO  org.calculator.Calculate - [NATURAL LOG] - 2.4
2023-03-16 22:19:09.155 [main] INFO  org.calculator.Calculate - [RESULT - NATURAL LOG] - 0.8754687373538999
2023-03-16 22:19:09.155 [main] INFO  org.calculator.Calculate - [NATURAL LOG] - 2.1
2023-03-16 22:19:09.156 [main] INFO  org.calculator.Calculate - [RESULT - NATURAL LOG] - 0.7419373447293773
2023-03-16 22:19:40.461 [main] INFO  org.calculator.Calculate - [SQ ROOT] - 16.0
2023-03-16 22:19:40.464 [main] INFO  org.calculator.Calculate - [RESULT - SQ ROOT] - 4.0
2023-03-16 22:19:40.464 [main] INFO  org.calculator.Calculate - [SQ ROOT] - 1.0
2023-03-16 22:19:40.464 [main] INFO  org.calculator.Calculate - [RESULT - SQ ROOT] - 1.0
2023-03-16 22:19:40.464 [main] INFO  org.calculator.Calculate - [SQ ROOT] - 81.0
2023-03-16 22:19:40.465 [main] INFO  org.calculator.Calculate - [RESULT - SQ ROOT] - 9.0
2023-03-16 22:19:40.465 [main] INFO  org.calculator.Calculate - [SQ ROOT] - 36.0
2023-03-16 22:19:40.465 [main] INFO  org.calculator.Calculate - [RESULT - SQ ROOT] - 6.0
2023-03-16 22:19:40.465 [main] INFO  org.calculator.Calculate - [SQ ROOT] - 3.0
2023-03-16 22:19:40.466 [main] INFO  org.calculator.Calculate - [RESULT - SQ ROOT] - 1.7320508075688772
2023-03-16 22:19:40.466 [main] INFO  org.calculator.Calculate - [SQ ROOT] - 4.0
2023-03-16 22:19:40.466 [main] INFO  org.calculator.Calculate - [RESULT - SQ ROOT] - 2.0
2023-03-16 22:19:40.466 [main] INFO  org.calculator.Calculate - [SQ ROOT] - 81.0
2023-03-16 22:19:40.466 [main] INFO  org.calculator.Calculate - [RESULT - SQ ROOT] - 9.0
2023-03-16 22:19:40.466 [main] INFO  org.calculator.Calculate - [SQ ROOT] - 36.0
2023-03-16 22:19:40.467 [main] INFO  org.calculator.Calculate - [RESULT - SQ ROOT] - 6.0
2023-03-16 22:19:40.467 [main] INFO  org.calculator.Calculate - [NATURAL LOG] - 1.0
2023-03-16 22:19:40.468 [main] INFO  org.calculator.Calculate - [RESULT - NATURAL LOG] - 0.0
2023-03-16 22:19:40.477 [main] INFO  org.calculator.Calculate - [POWER - 2.0 RAISED TO] 3.0
2023-03-16 22:19:40.478 [main] INFO  org.calculator.Calculate - [RESULT - POWER] - 8.0
2023-03-16 22:19:40.478 [main] INFO  org.calculator.Calculate - [POWER - 3.0 RAISED TO] 3.0
2023-03-16 22:19:40.478 [main] INFO  org.calculator.Calculate - [RESULT - POWER] - 27.0
2023-03-16 22:19:40.478 [main] INFO  org.calculator.Calculate - [POWER - 4.0 RAISED TO] 3.0
2023-03-16 22:19:40.479 [main] INFO  org.calculator.Calculate - [RESULT - POWER] - 64.0
2023-03-16 22:19:40.479 [main] INFO  org.calculator.Calculate - [POWER - 5.0 RAISED TO] 3.0
2023-03-16 22:19:40.479 [main] INFO  org.calculator.Calculate - [RESULT - POWER] - 125.0
2023-03-16 22:19:40.479 [main] INFO  org.calculator.Calculate - [POWER - 2.0 RAISED TO] 3.0
2023-03-16 22:19:40.480 [main] INFO  org.calculator.Calculate - [RESULT - POWER] - 8.0
2023-03-16 22:19:40.480 [main] INFO  org.calculator.Calculate - [POWER - 1.0 RAISED TO] 3.0
2023-03-16 22:19:40.480 [main] INFO  org.calculator.Calculate - [RESULT - POWER] - 1.0
2023-03-16 22:19:40.480 [main] INFO  org.calculator.Calculate - [POWER - 3.0 RAISED TO] 4.0
2023-03-16 22:19:40.481 [main] INFO  org.calculator.Calculate - [RESULT - POWER] - 81.0
2023-03-16 22:19:40.481 [main] INFO  org.calculator.Calculate - [POWER - 4.0 RAISED TO] 3.0
2023-03-16 22:19:40.481 [main] INFO  org.calculator.Calculate - [RESULT - POWER] - 64.0
2023-03-16 22:19:40.482 [main] INFO  org.calculator.Calculate - [POWER - 5.0 RAISED TO] 2.0
2023-03-16 22:19:40.482 [main] INFO  org.calculator.Calculate - [RESULT - POWER] - 25.0
2023-03-16 22:19:40.482 [main] INFO  org.calculator.Calculate - [NATURAL LOG] - 2.4
2023-03-16 22:19:40.483 [main] INFO  org.calculator.Calculate - [RESULT - NATURAL LOG] - 0.8754687373538999
2023-03-16 22:19:40.483 [main] INFO  org.calculator.Calculate - [NATURAL LOG] - 2.1
2023-03-16 22:19:40.483 [main] INFO  org.calculator.Calculate - [RESULT - NATURAL LOG] - 0.7419373447293773
2023-03-16 22:20:31.258 [main] INFO  org.calculator.Calculate - [SQ ROOT] - 16.0
2023-03-16 22:20:31.260 [main] INFO  org.calculator.Calculate - [RESULT - SQ ROOT] - 4.0
2023-03-16 22:20:31.260 [main] INFO  org.calculator.Calculate - [SQ ROOT] - 1.0
2023-03-16 22:20:31.261 [main] INFO  org.calculator.Calculate - [RESULT - SQ ROOT] - 1.0
2023-03-16 22:20:31.261 [main] INFO  org.calculator.Calculate - [SQ ROOT] - 81.0
2023-03-16 22:20:31.261 [main] INFO  org.calculator.Calculate - [RESULT - SQ ROOT] - 9.0
2023-03-16 22:20:31.261 [main] INFO  org.calculator.Calculate - [SQ ROOT] - 36.0
2023-03-16 22:20:31.262 [main] INFO  org.calculator.Calculate - [RESULT - SQ ROOT] - 6.0
2023-03-16 22:20:31.262 [main] INFO  org.calculator.Calculate - [SQ ROOT] - 3.0
2023-03-16 22:20:31.262 [main] INFO  org.calculator.Calculate - [RESULT - SQ ROOT] - 1.7320508075688772
2023-03-16 22:20:31.263 [main] INFO  org.calculator.Calculate - [SQ ROOT] - 4.0
2023-03-16 22:20:31.263 [main] INFO  org.calculator.Calculate - [RESULT - SQ ROOT] - 2.0
2023-03-16 22:20:31.263 [main] INFO  org.calculator.Calculate - [SQ ROOT] - 81.0
2023-03-16 22:20:31.263 [main] INFO  org.calculator.Calculate - [RESULT - SQ ROOT] - 9.0
2023-03-16 22:20:31.263 [main] INFO  org.calculator.Calculate - [SQ ROOT] - 36.0
2023-03-16 22:20:31.264 [main] INFO  org.calculator.Calculate - [RESULT - SQ ROOT] - 6.0
2023-03-16 22:20:31.264 [main] INFO  org.calculator.Calculate - [NATURAL LOG] - 1.0
2023-03-16 22:20:31.265 [main] INFO  org.calculator.Calculate - [RESULT - NATURAL LOG] - 0.0
2023-03-16 22:20:31.271 [main] INFO  org.calculator.Calculate - [POWER - 2.0 RAISED TO] 3.0
2023-03-16 22:20:31.271 [main] INFO  org.calculator.Calculate - [RESULT - POWER] - 8.0
2023-03-16 22:20:31.272 [main] INFO  org.calculator.Calculate - [POWER - 3.0 RAISED TO] 3.0
2023-03-16 22:20:31.272 [main] INFO  org.calculator.Calculate - [RESULT - POWER] - 27.0
2023-03-16 22:20:31.272 [main] INFO  org.calculator.Calculate - [POWER - 4.0 RAISED TO] 3.0
2023-03-16 22:20:31.272 [main] INFO  org.calculator.Calculate - [RESULT - POWER] - 64.0
2023-03-16 22:20:31.272 [main] INFO  org.calculator.Calculate - [POWER - 5.0 RAISED TO] 3.0
2023-03-16 22:20:31.273 [main] INFO  org.calculator.Calculate - [RESULT - POWER] - 125.0
2023-03-16 22:20:31.273 [main] INFO  org.calculator.Calculate - [POWER - 2.0 RAISED TO] 3.0
2023-03-16 22:20:31.273 [main] INFO  org.calculator.Calculate - [RESULT - POWER] - 8.0
2023-03-16 22:20:31.273 [main] INFO  org.calculator.Calculate - [POWER - 1.0 RAISED TO] 3.0
2023-03-16 22:20:31.274 [main] INFO  org.calculator.Calculate - [RESULT - POWER] - 1.0
2023-03-16 22:20:31.274 [main] INFO  org.calculator.Calculate - [POWER - 3.0 RAISED TO] 4.0
2023-03-16 22:20:31.274 [main] INFO  org.calculator.Calculate - [RESULT - POWER] - 81.0
2023-03-16 22:20:31.274 [main] INFO  org.calculator.Calculate - [POWER - 4.0 RAISED TO] 3.0
2023-03-16 22:20:31.275 [main] INFO  org.calculator.Calculate - [RESULT - POWER] - 64.0
2023-03-16 22:20:31.275 [main] INFO  org.calculator.Calculate - [POWER - 5.0 RAISED TO] 2.0
2023-03-16 22:20:31.275 [main] INFO  org.calculator.Calculate - [RESULT - POWER] - 25.0
2023-03-16 22:20:31.275 [main] INFO  org.calculator.Calculate - [NATURAL LOG] - 2.4
2023-03-16 22:20:31.276 [main] INFO  org.calculator.Calculate - [RESULT - NATURAL LOG] - 0.8754687373538999
2023-03-16 22:20:31.276 [main] INFO  org.calculator.Calculate - [NATURAL LOG] - 2.1
2023-03-16 22:20:31.276 [main] INFO  org.calculator.Calculate - [RESULT - NATURAL LOG] - 0.7419373447293773
2023-03-16 22:21:03.283 [main] INFO  org.calculator.Calculate - [SQ ROOT] - 16.0
2023-03-16 22:21:03.285 [main] INFO  org.calculator.Calculate - [RESULT - SQ ROOT] - 4.0
2023-03-16 22:21:03.285 [main] INFO  org.calculator.Calculate - [SQ ROOT] - 1.0
2023-03-16 22:21:03.286 [main] INFO  org.calculator.Calculate - [RESULT - SQ ROOT] - 1.0
2023-03-16 22:21:03.286 [main] INFO  org.calculator.Calculate - [SQ ROOT] - 81.0
2023-03-16 22:21:03.286 [main] INFO  org.calculator.Calculate - [RESULT - SQ ROOT] - 9.0
2023-03-16 22:21:03.286 [main] INFO  org.calculator.Calculate - [SQ ROOT] - 36.0
2023-03-16 22:21:03.287 [main] INFO  org.calculator.Calculate - [RESULT - SQ ROOT] - 6.0
2023-03-16 22:21:03.287 [main] INFO  org.calculator.Calculate - [SQ ROOT] - 3.0
2023-03-16 22:21:03.287 [main] INFO  org.calculator.Calculate - [RESULT - SQ ROOT] - 1.7320508075688772
2023-03-16 22:21:03.288 [main] INFO  org.calculator.Calculate - [SQ ROOT] - 4.0
2023-03-16 22:21:03.288 [main] INFO  org.calculator.Calculate - [RESULT - SQ ROOT] - 2.0
2023-03-16 22:21:03.288 [main] INFO  org.calculator.Calculate - [SQ ROOT] - 81.0
2023-03-16 22:21:03.289 [main] INFO  org.calculator.Calculate - [RESULT - SQ ROOT] - 9.0
2023-03-16 22:21:03.289 [main] INFO  org.calculator.Calculate - [SQ ROOT] - 36.0
2023-03-16 22:21:03.289 [main] INFO  org.calculator.Calculate - [RESULT - SQ ROOT] - 6.0
2023-03-16 22:21:03.290 [main] INFO  org.calculator.Calculate - [NATURAL LOG] - 1.0
2023-03-16 22:21:03.291 [main] INFO  org.calculator.Calculate - [RESULT - NATURAL LOG] - 0.0
2023-03-16 22:21:03.300 [main] INFO  org.calculator.Calculate - [POWER - 2.0 RAISED TO] 3.0
2023-03-16 22:21:03.300 [main] INFO  org.calculator.Calculate - [RESULT - POWER] - 8.0
2023-03-16 22:21:03.301 [main] INFO  org.calculator.Calculate - [POWER - 3.0 RAISED TO] 3.0
2023-03-16 22:21:03.301 [main] INFO  org.calculator.Calculate - [RESULT - POWER] - 27.0
2023-03-16 22:21:03.301 [main] INFO  org.calculator.Calculate - [POWER - 4.0 RAISED TO] 3.0
2023-03-16 22:21:03.301 [main] INFO  org.calculator.Calculate - [RESULT - POWER] - 64.0
2023-03-16 22:21:03.302 [main] INFO  org.calculator.Calculate - [POWER - 5.0 RAISED TO] 3.0
2023-03-16 22:21:03.302 [main] INFO  org.calculator.Calculate - [RESULT - POWER] - 125.0
2023-03-16 22:21:03.302 [main] INFO  org.calculator.Calculate - [POWER - 2.0 RAISED TO] 3.0
2023-03-16 22:21:03.303 [main] INFO  org.calculator.Calculate - [RESULT - POWER] - 8.0
2023-03-16 22:21:03.303 [main] INFO  org.calculator.Calculate - [POWER - 1.0 RAISED TO] 3.0
2023-03-16 22:21:03.303 [main] INFO  org.calculator.Calculate - [RESULT - POWER] - 1.0
2023-03-16 22:21:03.303 [main] INFO  org.calculator.Calculate - [POWER - 3.0 RAISED TO] 4.0
2023-03-16 22:21:03.304 [main] INFO  org.calculator.Calculate - [RESULT - POWER] - 81.0
2023-03-16 22:21:03.304 [main] INFO  org.calculator.Calculate - [POWER - 4.0 RAISED TO] 3.0
2023-03-16 22:21:03.304 [main] INFO  org.calculator.Calculate - [RESULT - POWER] - 64.0
2023-03-16 22:21:03.304 [main] INFO  org.calculator.Calculate - [POWER - 5.0 RAISED TO] 2.0
2023-03-16 22:21:03.305 [main] INFO  org.calculator.Calculate - [RESULT - POWER] - 25.0
2023-03-16 22:21:03.305 [main] INFO  org.calculator.Calculate - [NATURAL LOG] - 2.4
2023-03-16 22:21:03.305 [main] INFO  org.calculator.Calculate - [RESULT - NATURAL LOG] - 0.8754687373538999
2023-03-16 22:21:03.306 [main] INFO  org.calculator.Calculate - [NATURAL LOG] - 2.1
2023-03-16 22:21:03.306 [main] INFO  org.calculator.Calculate - [RESULT - NATURAL LOG] - 0.7419373447293773
2023-03-16 22:24:04.558 [main] INFO  org.calculator.Calculate - [SQ ROOT] - 16.0
2023-03-16 22:24:04.560 [main] INFO  org.calculator.Calculate - [RESULT - SQ ROOT] - 4.0
2023-03-16 22:24:04.560 [main] INFO  org.calculator.Calculate - [SQ ROOT] - 1.0
2023-03-16 22:24:04.560 [main] INFO  org.calculator.Calculate - [RESULT - SQ ROOT] - 1.0
2023-03-16 22:24:04.560 [main] INFO  org.calculator.Calculate - [SQ ROOT] - 81.0
2023-03-16 22:24:04.561 [main] INFO  org.calculator.Calculate - [RESULT - SQ ROOT] - 9.0
2023-03-16 22:24:04.561 [main] INFO  org.calculator.Calculate - [SQ ROOT] - 36.0
2023-03-16 22:24:04.561 [main] INFO  org.calculator.Calculate - [RESULT - SQ ROOT] - 6.0
2023-03-16 22:24:04.562 [main] INFO  org.calculator.Calculate - [SQ ROOT] - 3.0
2023-03-16 22:24:04.562 [main] INFO  org.calculator.Calculate - [RESULT - SQ ROOT] - 1.7320508075688772
2023-03-16 22:24:04.563 [main] INFO  org.calculator.Calculate - [SQ ROOT] - 4.0
2023-03-16 22:24:04.563 [main] INFO  org.calculator.Calculate - [RESULT - SQ ROOT] - 2.0
2023-03-16 22:24:04.563 [main] INFO  org.calculator.Calculate - [SQ ROOT] - 81.0
2023-03-16 22:24:04.563 [main] INFO  org.calculator.Calculate - [RESULT - SQ ROOT] - 9.0
2023-03-16 22:24:04.564 [main] INFO  org.calculator.Calculate - [SQ ROOT] - 36.0
2023-03-16 22:24:04.564 [main] INFO  org.calculator.Calculate - [RESULT - SQ ROOT] - 6.0
2023-03-16 22:24:04.565 [main] INFO  org.calculator.Calculate - [NATURAL LOG] - 1.0
2023-03-16 22:24:04.566 [main] INFO  org.calculator.Calculate - [RESULT - NATURAL LOG] - 0.0
2023-03-16 22:24:04.574 [main] INFO  org.calculator.Calculate - [POWER - 2.0 RAISED TO] 3.0
2023-03-16 22:24:04.575 [main] INFO  org.calculator.Calculate - [RESULT - POWER] - 8.0
2023-03-16 22:24:04.576 [main] INFO  org.calculator.Calculate - [POWER - 3.0 RAISED TO] 3.0
2023-03-16 22:24:04.576 [main] INFO  org.calculator.Calculate - [RESULT - POWER] - 27.0
2023-03-16 22:24:04.576 [main] INFO  org.calculator.Calculate - [POWER - 4.0 RAISED TO] 3.0
2023-03-16 22:24:04.576 [main] INFO  org.calculator.Calculate - [RESULT - POWER] - 64.0
2023-03-16 22:24:04.577 [main] INFO  org.calculator.Calculate - [POWER - 5.0 RAISED TO] 3.0
2023-03-16 22:24:04.577 [main] INFO  org.calculator.Calculate - [RESULT - POWER] - 125.0
2023-03-16 22:24:04.578 [main] INFO  org.calculator.Calculate - [POWER - 2.0 RAISED TO] 3.0
2023-03-16 22:24:04.578 [main] INFO  org.calculator.Calculate - [RESULT - POWER] - 8.0
2023-03-16 22:24:04.578 [main] INFO  org.calculator.Calculate - [POWER - 1.0 RAISED TO] 3.0
2023-03-16 22:24:04.579 [main] INFO  org.calculator.Calculate - [RESULT - POWER] - 1.0
2023-03-16 22:24:04.579 [main] INFO  org.calculator.Calculate - [POWER - 3.0 RAISED TO] 4.0
2023-03-16 22:24:04.579 [main] INFO  org.calculator.Calculate - [RESULT - POWER] - 81.0
2023-03-16 22:24:04.579 [main] INFO  org.calculator.Calculate - [POWER - 4.0 RAISED TO] 3.0
2023-03-16 22:24:04.580 [main] INFO  org.calculator.Calculate - [RESULT - POWER] - 64.0
2023-03-16 22:24:04.580 [main] INFO  org.calculator.Calculate - [POWER - 5.0 RAISED TO] 2.0
2023-03-16 22:24:04.580 [main] INFO  org.calculator.Calculate - [RESULT - POWER] - 25.0
2023-03-16 22:24:04.581 [main] INFO  org.calculator.Calculate - [NATURAL LOG] - 2.4
2023-03-16 22:24:04.581 [main] INFO  org.calculator.Calculate - [RESULT - NATURAL LOG] - 0.8754687373538999
2023-03-16 22:24:04.582 [main] INFO  org.calculator.Calculate - [NATURAL LOG] - 2.1
2023-03-16 22:24:04.582 [main] INFO  org.calculator.Calculate - [RESULT - NATURAL LOG] - 0.7419373447293773
2023-03-16 22:25:34.384 [main] INFO  org.calculator.Calculate - [SQ ROOT] - 16.0
2023-03-16 22:25:34.387 [main] INFO  org.calculator.Calculate - [RESULT - SQ ROOT] - 4.0
2023-03-16 22:25:34.387 [main] INFO  org.calculator.Calculate - [SQ ROOT] - 1.0
2023-03-16 22:25:34.388 [main] INFO  org.calculator.Calculate - [RESULT - SQ ROOT] - 1.0
2023-03-16 22:25:34.388 [main] INFO  org.calculator.Calculate - [SQ ROOT] - 81.0
2023-03-16 22:25:34.388 [main] INFO  org.calculator.Calculate - [RESULT - SQ ROOT] - 9.0
2023-03-16 22:25:34.388 [main] INFO  org.calculator.Calculate - [SQ ROOT] - 36.0
2023-03-16 22:25:34.389 [main] INFO  org.calculator.Calculate - [RESULT - SQ ROOT] - 6.0
2023-03-16 22:25:34.389 [main] INFO  org.calculator.Calculate - [SQ ROOT] - 3.0
2023-03-16 22:25:34.390 [main] INFO  org.calculator.Calculate - [RESULT - SQ ROOT] - 1.7320508075688772
2023-03-16 22:25:34.390 [main] INFO  org.calculator.Calculate - [SQ ROOT] - 4.0
2023-03-16 22:25:34.390 [main] INFO  org.calculator.Calculate - [RESULT - SQ ROOT] - 2.0
2023-03-16 22:25:34.390 [main] INFO  org.calculator.Calculate - [SQ ROOT] - 81.0
2023-03-16 22:25:34.391 [main] INFO  org.calculator.Calculate - [RESULT - SQ ROOT] - 9.0
2023-03-16 22:25:34.391 [main] INFO  org.calculator.Calculate - [SQ ROOT] - 36.0
2023-03-16 22:25:34.391 [main] INFO  org.calculator.Calculate - [RESULT - SQ ROOT] - 6.0
2023-03-16 22:25:34.392 [main] INFO  org.calculator.Calculate - [NATURAL LOG] - 1.0
2023-03-16 22:25:34.393 [main] INFO  org.calculator.Calculate - [RESULT - NATURAL LOG] - 0.0
2023-03-16 22:25:34.400 [main] INFO  org.calculator.Calculate - [POWER - 2.0 RAISED TO] 3.0
2023-03-16 22:25:34.400 [main] INFO  org.calculator.Calculate - [RESULT - POWER] - 8.0
2023-03-16 22:25:34.401 [main] INFO  org.calculator.Calculate - [POWER - 3.0 RAISED TO] 3.0
2023-03-16 22:25:34.401 [main] INFO  org.calculator.Calculate - [RESULT - POWER] - 27.0
2023-03-16 22:25:34.401 [main] INFO  org.calculator.Calculate - [POWER - 4.0 RAISED TO] 3.0
2023-03-16 22:25:34.402 [main] INFO  org.calculator.Calculate - [RESULT - POWER] - 64.0
2023-03-16 22:25:34.402 [main] INFO  org.calculator.Calculate - [POWER - 5.0 RAISED TO] 3.0
2023-03-16 22:25:34.402 [main] INFO  org.calculator.Calculate - [RESULT - POWER] - 125.0
2023-03-16 22:25:34.403 [main] INFO  org.calculator.Calculate - [POWER - 2.0 RAISED TO] 3.0
2023-03-16 22:25:34.403 [main] INFO  org.calculator.Calculate - [RESULT - POWER] - 8.0
2023-03-16 22:25:34.403 [main] INFO  org.calculator.Calculate - [POWER - 1.0 RAISED TO] 3.0
2023-03-16 22:25:34.404 [main] INFO  org.calculator.Calculate - [RESULT - POWER] - 1.0
2023-03-16 22:25:34.404 [main] INFO  org.calculator.Calculate - [POWER - 3.0 RAISED TO] 4.0
2023-03-16 22:25:34.404 [main] INFO  org.calculator.Calculate - [RESULT - POWER] - 81.0
2023-03-16 22:25:34.407 [main] INFO  org.calculator.Calculate - [POWER - 4.0 RAISED TO] 3.0
2023-03-16 22:25:34.408 [main] INFO  org.calculator.Calculate - [RESULT - POWER] - 64.0
2023-03-16 22:25:34.408 [main] INFO  org.calculator.Calculate - [POWER - 5.0 RAISED TO] 2.0
2023-03-16 22:25:34.408 [main] INFO  org.calculator.Calculate - [RESULT - POWER] - 25.0
2023-03-16 22:25:34.409 [main] INFO  org.calculator.Calculate - [NATURAL LOG] - 2.4
2023-03-16 22:25:34.411 [main] INFO  org.calculator.Calculate - [RESULT - NATURAL LOG] - 0.8754687373538999
2023-03-16 22:25:34.412 [main] INFO  org.calculator.Calculate - [NATURAL LOG] - 2.1
2023-03-16 22:25:34.412 [main] INFO  org.calculator.Calculate - [RESULT - NATURAL LOG] - 0.7419373447293773
2023-03-16 22:25:48.723 [main] INFO  org.calculator.Calculate - [SQ ROOT] - 16.0
2023-03-16 22:25:48.725 [main] INFO  org.calculator.Calculate - [RESULT - SQ ROOT] - 4.0
2023-03-16 22:25:48.726 [main] INFO  org.calculator.Calculate - [SQ ROOT] - 1.0
2023-03-16 22:25:48.726 [main] INFO  org.calculator.Calculate - [RESULT - SQ ROOT] - 1.0
2023-03-16 22:25:48.726 [main] INFO  org.calculator.Calculate - [SQ ROOT] - 81.0
2023-03-16 22:25:48.726 [main] INFO  org.calculator.Calculate - [RESULT - SQ ROOT] - 9.0
2023-03-16 22:25:48.727 [main] INFO  org.calculator.Calculate - [SQ ROOT] - 36.0
2023-03-16 22:25:48.727 [main] INFO  org.calculator.Calculate - [RESULT - SQ ROOT] - 6.0
2023-03-16 22:25:48.728 [main] INFO  org.calculator.Calculate - [SQ ROOT] - 3.0
2023-03-16 22:25:48.728 [main] INFO  org.calculator.Calculate - [RESULT - SQ ROOT] - 1.7320508075688772
2023-03-16 22:25:48.728 [main] INFO  org.calculator.Calculate - [SQ ROOT] - 4.0
2023-03-16 22:25:48.729 [main] INFO  org.calculator.Calculate - [RESULT - SQ ROOT] - 2.0
2023-03-16 22:25:48.729 [main] INFO  org.calculator.Calculate - [SQ ROOT] - 81.0
2023-03-16 22:25:48.729 [main] INFO  org.calculator.Calculate - [RESULT - SQ ROOT] - 9.0
2023-03-16 22:25:48.729 [main] INFO  org.calculator.Calculate - [SQ ROOT] - 36.0
2023-03-16 22:25:48.730 [main] INFO  org.calculator.Calculate - [RESULT - SQ ROOT] - 6.0
2023-03-16 22:25:48.731 [main] INFO  org.calculator.Calculate - [NATURAL LOG] - 1.0
2023-03-16 22:25:48.732 [main] INFO  org.calculator.Calculate - [RESULT - NATURAL LOG] - 0.0
2023-03-16 22:25:48.738 [main] INFO  org.calculator.Calculate - [POWER - 2.0 RAISED TO] 3.0
2023-03-16 22:25:48.739 [main] INFO  org.calculator.Calculate - [RESULT - POWER] - 8.0
2023-03-16 22:25:48.739 [main] INFO  org.calculator.Calculate - [POWER - 3.0 RAISED TO] 3.0
2023-03-16 22:25:48.739 [main] INFO  org.calculator.Calculate - [RESULT - POWER] - 27.0
2023-03-16 22:25:48.739 [main] INFO  org.calculator.Calculate - [POWER - 4.0 RAISED TO] 3.0
2023-03-16 22:25:48.739 [main] INFO  org.calculator.Calculate - [RESULT - POWER] - 64.0
2023-03-16 22:25:48.740 [main] INFO  org.calculator.Calculate - [POWER - 5.0 RAISED TO] 3.0
2023-03-16 22:25:48.740 [main] INFO  org.calculator.Calculate - [RESULT - POWER] - 125.0
2023-03-16 22:25:48.740 [main] INFO  org.calculator.Calculate - [POWER - 2.0 RAISED TO] 3.0
2023-03-16 22:25:48.740 [main] INFO  org.calculator.Calculate - [RESULT - POWER] - 8.0
2023-03-16 22:25:48.740 [main] INFO  org.calculator.Calculate - [POWER - 1.0 RAISED TO] 3.0
2023-03-16 22:25:48.741 [main] INFO  org.calculator.Calculate - [RESULT - POWER] - 1.0
2023-03-16 22:25:48.741 [main] INFO  org.calculator.Calculate - [POWER - 3.0 RAISED TO] 4.0
2023-03-16 22:25:48.741 [main] INFO  org.calculator.Calculate - [RESULT - POWER] - 81.0
2023-03-16 22:25:48.742 [main] INFO  org.calculator.Calculate - [POWER - 4.0 RAISED TO] 3.0
2023-03-16 22:25:48.742 [main] INFO  org.calculator.Calculate - [RESULT - POWER] - 64.0
2023-03-16 22:25:48.743 [main] INFO  org.calculator.Calculate - [POWER - 5.0 RAISED TO] 2.0
2023-03-16 22:25:48.743 [main] INFO  org.calculator.Calculate - [RESULT - POWER] - 25.0
2023-03-16 22:25:48.744 [main] INFO  org.calculator.Calculate - [NATURAL LOG] - 2.4
2023-03-16 22:25:48.745 [main] INFO  org.calculator.Calculate - [RESULT - NATURAL LOG] - 0.8754687373538999
2023-03-16 22:25:48.745 [main] INFO  org.calculator.Calculate - [NATURAL LOG] - 2.1
2023-03-16 22:25:48.745 [main] INFO  org.calculator.Calculate - [RESULT - NATURAL LOG] - 0.7419373447293773
2023-03-16 22:30:32.162 [main] INFO  org.calculator.Calculate - [SQ ROOT] - 16.0
2023-03-16 22:30:32.164 [main] INFO  org.calculator.Calculate - [RESULT - SQ ROOT] - 4.0
2023-03-16 22:30:32.165 [main] INFO  org.calculator.Calculate - [SQ ROOT] - 1.0
2023-03-16 22:30:32.165 [main] INFO  org.calculator.Calculate - [RESULT - SQ ROOT] - 1.0
2023-03-16 22:30:32.165 [main] INFO  org.calculator.Calculate - [SQ ROOT] - 81.0
2023-03-16 22:30:32.165 [main] INFO  org.calculator.Calculate - [RESULT - SQ ROOT] - 9.0
2023-03-16 22:30:32.166 [main] INFO  org.calculator.Calculate - [SQ ROOT] - 36.0
2023-03-16 22:30:32.166 [main] INFO  org.calculator.Calculate - [RESULT - SQ ROOT] - 6.0
2023-03-16 22:30:32.167 [main] INFO  org.calculator.Calculate - [SQ ROOT] - 3.0
2023-03-16 22:30:32.167 [main] INFO  org.calculator.Calculate - [RESULT - SQ ROOT] - 1.7320508075688772
2023-03-16 22:30:32.167 [main] INFO  org.calculator.Calculate - [SQ ROOT] - 4.0
2023-03-16 22:30:32.167 [main] INFO  org.calculator.Calculate - [RESULT - SQ ROOT] - 2.0
2023-03-16 22:30:32.168 [main] INFO  org.calculator.Calculate - [SQ ROOT] - 81.0
2023-03-16 22:30:32.168 [main] INFO  org.calculator.Calculate - [RESULT - SQ ROOT] - 9.0
2023-03-16 22:30:32.168 [main] INFO  org.calculator.Calculate - [SQ ROOT] - 36.0
2023-03-16 22:30:32.168 [main] INFO  org.calculator.Calculate - [RESULT - SQ ROOT] - 6.0
2023-03-16 22:30:32.169 [main] INFO  org.calculator.Calculate - [NATURAL LOG] - 1.0
2023-03-16 22:30:32.170 [main] INFO  org.calculator.Calculate - [RESULT - NATURAL LOG] - 0.0
2023-03-16 22:30:32.177 [main] INFO  org.calculator.Calculate - [POWER - 2.0 RAISED TO] 3.0
2023-03-16 22:30:32.177 [main] INFO  org.calculator.Calculate - [RESULT - POWER] - 8.0
2023-03-16 22:30:32.177 [main] INFO  org.calculator.Calculate - [POWER - 3.0 RAISED TO] 3.0
2023-03-16 22:30:32.178 [main] INFO  org.calculator.Calculate - [RESULT - POWER] - 27.0
2023-03-16 22:30:32.178 [main] INFO  org.calculator.Calculate - [POWER - 4.0 RAISED TO] 3.0
2023-03-16 22:30:32.178 [main] INFO  org.calculator.Calculate - [RESULT - POWER] - 64.0
2023-03-16 22:30:32.178 [main] INFO  org.calculator.Calculate - [POWER - 5.0 RAISED TO] 3.0
2023-03-16 22:30:32.178 [main] INFO  org.calculator.Calculate - [RESULT - POWER] - 125.0
2023-03-16 22:30:32.179 [main] INFO  org.calculator.Calculate - [POWER - 2.0 RAISED TO] 3.0
2023-03-16 22:30:32.179 [main] INFO  org.calculator.Calculate - [RESULT - POWER] - 8.0
2023-03-16 22:30:32.179 [main] INFO  org.calculator.Calculate - [POWER - 1.0 RAISED TO] 3.0
2023-03-16 22:30:32.180 [main] INFO  org.calculator.Calculate - [RESULT - POWER] - 1.0
2023-03-16 22:30:32.180 [main] INFO  org.calculator.Calculate - [POWER - 3.0 RAISED TO] 4.0
2023-03-16 22:30:32.180 [main] INFO  org.calculator.Calculate - [RESULT - POWER] - 81.0
2023-03-16 22:30:32.180 [main] INFO  org.calculator.Calculate - [POWER - 4.0 RAISED TO] 3.0
2023-03-16 22:30:32.181 [main] INFO  org.calculator.Calculate - [RESULT - POWER] - 64.0
2023-03-16 22:30:32.181 [main] INFO  org.calculator.Calculate - [POWER - 5.0 RAISED TO] 2.0
2023-03-16 22:30:32.181 [main] INFO  org.calculator.Calculate - [RESULT - POWER] - 25.0
2023-03-16 22:30:32.181 [main] INFO  org.calculator.Calculate - [NATURAL LOG] - 2.4
2023-03-16 22:30:32.182 [main] INFO  org.calculator.Calculate - [RESULT - NATURAL LOG] - 0.8754687373538999
2023-03-16 22:30:32.182 [main] INFO  org.calculator.Calculate - [NATURAL LOG] - 2.1
2023-03-16 22:30:32.182 [main] INFO  org.calculator.Calculate - [RESULT - NATURAL LOG] - 0.7419373447293773
2023-03-16 22:31:17.097 [main] INFO  org.calculator.Calculate - [SQ ROOT] - 16.0
2023-03-16 22:31:17.099 [main] INFO  org.calculator.Calculate - [RESULT - SQ ROOT] - 4.0
2023-03-16 22:31:17.099 [main] INFO  org.calculator.Calculate - [SQ ROOT] - 1.0
2023-03-16 22:31:17.099 [main] INFO  org.calculator.Calculate - [RESULT - SQ ROOT] - 1.0
2023-03-16 22:31:17.100 [main] INFO  org.calculator.Calculate - [SQ ROOT] - 81.0
2023-03-16 22:31:17.100 [main] INFO  org.calculator.Calculate - [RESULT - SQ ROOT] - 9.0
2023-03-16 22:31:17.100 [main] INFO  org.calculator.Calculate - [SQ ROOT] - 36.0
2023-03-16 22:31:17.100 [main] INFO  org.calculator.Calculate - [RESULT - SQ ROOT] - 6.0
2023-03-16 22:31:17.101 [main] INFO  org.calculator.Calculate - [SQ ROOT] - 3.0
2023-03-16 22:31:17.101 [main] INFO  org.calculator.Calculate - [RESULT - SQ ROOT] - 1.7320508075688772
2023-03-16 22:31:17.101 [main] INFO  org.calculator.Calculate - [SQ ROOT] - 4.0
2023-03-16 22:31:17.101 [main] INFO  org.calculator.Calculate - [RESULT - SQ ROOT] - 2.0
2023-03-16 22:31:17.101 [main] INFO  org.calculator.Calculate - [SQ ROOT] - 81.0
2023-03-16 22:31:17.102 [main] INFO  org.calculator.Calculate - [RESULT - SQ ROOT] - 9.0
2023-03-16 22:31:17.102 [main] INFO  org.calculator.Calculate - [SQ ROOT] - 36.0
2023-03-16 22:31:17.102 [main] INFO  org.calculator.Calculate - [RESULT - SQ ROOT] - 6.0
2023-03-16 22:31:17.103 [main] INFO  org.calculator.Calculate - [NATURAL LOG] - 1.0
2023-03-16 22:31:17.103 [main] INFO  org.calculator.Calculate - [RESULT - NATURAL LOG] - 0.0
2023-03-16 22:31:17.109 [main] INFO  org.calculator.Calculate - [POWER - 2.0 RAISED TO] 3.0
2023-03-16 22:31:17.109 [main] INFO  org.calculator.Calculate - [RESULT - POWER] - 8.0
2023-03-16 22:31:17.109 [main] INFO  org.calculator.Calculate - [POWER - 3.0 RAISED TO] 3.0
2023-03-16 22:31:17.110 [main] INFO  org.calculator.Calculate - [RESULT - POWER] - 27.0
2023-03-16 22:31:17.110 [main] INFO  org.calculator.Calculate - [POWER - 4.0 RAISED TO] 3.0
2023-03-16 22:31:17.110 [main] INFO  org.calculator.Calculate - [RESULT - POWER] - 64.0
2023-03-16 22:31:17.110 [main] INFO  org.calculator.Calculate - [POWER - 5.0 RAISED TO] 3.0
2023-03-16 22:31:17.110 [main] INFO  org.calculator.Calculate - [RESULT - POWER] - 125.0
2023-03-16 22:31:17.111 [main] INFO  org.calculator.Calculate - [POWER - 2.0 RAISED TO] 3.0
2023-03-16 22:31:17.111 [main] INFO  org.calculator.Calculate - [RESULT - POWER] - 8.0
2023-03-16 22:31:17.111 [main] INFO  org.calculator.Calculate - [POWER - 1.0 RAISED TO] 3.0
2023-03-16 22:31:17.112 [main] INFO  org.calculator.Calculate - [RESULT - POWER] - 1.0
2023-03-16 22:31:17.112 [main] INFO  org.calculator.Calculate - [POWER - 3.0 RAISED TO] 4.0
2023-03-16 22:31:17.112 [main] INFO  org.calculator.Calculate - [RESULT - POWER] - 81.0
2023-03-16 22:31:17.112 [main] INFO  org.calculator.Calculate - [POWER - 4.0 RAISED TO] 3.0
2023-03-16 22:31:17.112 [main] INFO  org.calculator.Calculate - [RESULT - POWER] - 64.0
2023-03-16 22:31:17.112 [main] INFO  org.calculator.Calculate - [POWER - 5.0 RAISED TO] 2.0
2023-03-16 22:31:17.113 [main] INFO  org.calculator.Calculate - [RESULT - POWER] - 25.0
2023-03-16 22:31:17.113 [main] INFO  org.calculator.Calculate - [NATURAL LOG] - 2.4
2023-03-16 22:31:17.113 [main] INFO  org.calculator.Calculate - [RESULT - NATURAL LOG] - 0.8754687373538999
2023-03-16 22:31:17.113 [main] INFO  org.calculator.Calculate - [NATURAL LOG] - 2.1
2023-03-16 22:31:17.114 [main] INFO  org.calculator.Calculate - [RESULT - NATURAL LOG] - 0.7419373447293773
2023-03-16 22:35:01.801 [main] INFO  org.calculator.Calculate - [SQ ROOT] - 16.0
2023-03-16 22:35:01.804 [main] INFO  org.calculator.Calculate - [RESULT - SQ ROOT] - 4.0
2023-03-16 22:35:01.804 [main] INFO  org.calculator.Calculate - [SQ ROOT] - 1.0
2023-03-16 22:35:01.804 [main] INFO  org.calculator.Calculate - [RESULT - SQ ROOT] - 1.0
2023-03-16 22:35:01.805 [main] INFO  org.calculator.Calculate - [SQ ROOT] - 81.0
2023-03-16 22:35:01.805 [main] INFO  org.calculator.Calculate - [RESULT - SQ ROOT] - 9.0
2023-03-16 22:35:01.805 [main] INFO  org.calculator.Calculate - [SQ ROOT] - 36.0
2023-03-16 22:35:01.805 [main] INFO  org.calculator.Calculate - [RESULT - SQ ROOT] - 6.0
2023-03-16 22:35:01.806 [main] INFO  org.calculator.Calculate - [SQ ROOT] - 3.0
2023-03-16 22:35:01.806 [main] INFO  org.calculator.Calculate - [RESULT - SQ ROOT] - 1.7320508075688772
2023-03-16 22:35:01.806 [main] INFO  org.calculator.Calculate - [SQ ROOT] - 4.0
2023-03-16 22:35:01.807 [main] INFO  org.calculator.Calculate - [RESULT - SQ ROOT] - 2.0
2023-03-16 22:35:01.807 [main] INFO  org.calculator.Calculate - [SQ ROOT] - 81.0
2023-03-16 22:35:01.807 [main] INFO  org.calculator.Calculate - [RESULT - SQ ROOT] - 9.0
2023-03-16 22:35:01.808 [main] INFO  org.calculator.Calculate - [SQ ROOT] - 36.0
2023-03-16 22:35:01.808 [main] INFO  org.calculator.Calculate - [RESULT - SQ ROOT] - 6.0
2023-03-16 22:35:01.809 [main] INFO  org.calculator.Calculate - [NATURAL LOG] - 1.0
2023-03-16 22:35:01.809 [main] INFO  org.calculator.Calculate - [RESULT - NATURAL LOG] - 0.0
2023-03-16 22:35:01.817 [main] INFO  org.calculator.Calculate - [POWER - 2.0 RAISED TO] 3.0
2023-03-16 22:35:01.817 [main] INFO  org.calculator.Calculate - [RESULT - POWER] - 8.0
2023-03-16 22:35:01.817 [main] INFO  org.calculator.Calculate - [POWER - 3.0 RAISED TO] 3.0
2023-03-16 22:35:01.818 [main] INFO  org.calculator.Calculate - [RESULT - POWER] - 27.0
2023-03-16 22:35:01.818 [main] INFO  org.calculator.Calculate - [POWER - 4.0 RAISED TO] 3.0
2023-03-16 22:35:01.818 [main] INFO  org.calculator.Calculate - [RESULT - POWER] - 64.0
2023-03-16 22:35:01.818 [main] INFO  org.calculator.Calculate - [POWER - 5.0 RAISED TO] 3.0
2023-03-16 22:35:01.818 [main] INFO  org.calculator.Calculate - [RESULT - POWER] - 125.0
2023-03-16 22:35:01.819 [main] INFO  org.calculator.Calculate - [POWER - 2.0 RAISED TO] 3.0
2023-03-16 22:35:01.819 [main] INFO  org.calculator.Calculate - [RESULT - POWER] - 8.0
2023-03-16 22:35:01.819 [main] INFO  org.calculator.Calculate - [POWER - 1.0 RAISED TO] 3.0
2023-03-16 22:35:01.820 [main] INFO  org.calculator.Calculate - [RESULT - POWER] - 1.0
2023-03-16 22:35:01.820 [main] INFO  org.calculator.Calculate - [POWER - 3.0 RAISED TO] 4.0
2023-03-16 22:35:01.820 [main] INFO  org.calculator.Calculate - [RESULT - POWER] - 81.0
2023-03-16 22:35:01.820 [main] INFO  org.calculator.Calculate - [POWER - 4.0 RAISED TO] 3.0
2023-03-16 22:35:01.821 [main] INFO  org.calculator.Calculate - [RESULT - POWER] - 64.0
2023-03-16 22:35:01.821 [main] INFO  org.calculator.Calculate - [POWER - 5.0 RAISED TO] 2.0
2023-03-16 22:35:01.821 [main] INFO  org.calculator.Calculate - [RESULT - POWER] - 25.0
2023-03-16 22:35:01.822 [main] INFO  org.calculator.Calculate - [NATURAL LOG] - 2.4
2023-03-16 22:35:01.823 [main] INFO  org.calculator.Calculate - [RESULT - NATURAL LOG] - 0.8754687373538999
2023-03-16 22:35:01.823 [main] INFO  org.calculator.Calculate - [NATURAL LOG] - 2.1
2023-03-16 22:35:01.824 [main] INFO  org.calculator.Calculate - [RESULT - NATURAL LOG] - 0.7419373447293773
2023-03-16 22:36:06.968 [main] INFO  org.calculator.Calculate - [SQ ROOT] - 16.0
2023-03-16 22:36:06.970 [main] INFO  org.calculator.Calculate - [RESULT - SQ ROOT] - 4.0
2023-03-16 22:36:06.970 [main] INFO  org.calculator.Calculate - [SQ ROOT] - 1.0
2023-03-16 22:36:06.971 [main] INFO  org.calculator.Calculate - [RESULT - SQ ROOT] - 1.0
2023-03-16 22:36:06.971 [main] INFO  org.calculator.Calculate - [SQ ROOT] - 81.0
2023-03-16 22:36:06.971 [main] INFO  org.calculator.Calculate - [RESULT - SQ ROOT] - 9.0
2023-03-16 22:36:06.971 [main] INFO  org.calculator.Calculate - [SQ ROOT] - 36.0
2023-03-16 22:36:06.972 [main] INFO  org.calculator.Calculate - [RESULT - SQ ROOT] - 6.0
2023-03-16 22:36:06.972 [main] INFO  org.calculator.Calculate - [SQ ROOT] - 3.0
2023-03-16 22:36:06.972 [main] INFO  org.calculator.Calculate - [RESULT - SQ ROOT] - 1.7320508075688772
2023-03-16 22:36:06.973 [main] INFO  org.calculator.Calculate - [SQ ROOT] - 4.0
2023-03-16 22:36:06.973 [main] INFO  org.calculator.Calculate - [RESULT - SQ ROOT] - 2.0
2023-03-16 22:36:06.973 [main] INFO  org.calculator.Calculate - [SQ ROOT] - 81.0
2023-03-16 22:36:06.973 [main] INFO  org.calculator.Calculate - [RESULT - SQ ROOT] - 9.0
2023-03-16 22:36:06.973 [main] INFO  org.calculator.Calculate - [SQ ROOT] - 36.0
2023-03-16 22:36:06.974 [main] INFO  org.calculator.Calculate - [RESULT - SQ ROOT] - 6.0
2023-03-16 22:36:06.974 [main] INFO  org.calculator.Calculate - [NATURAL LOG] - 1.0
2023-03-16 22:36:06.975 [main] INFO  org.calculator.Calculate - [RESULT - NATURAL LOG] - 0.0
2023-03-16 22:36:06.982 [main] INFO  org.calculator.Calculate - [POWER - 2.0 RAISED TO] 3.0
2023-03-16 22:36:06.982 [main] INFO  org.calculator.Calculate - [RESULT - POWER] - 8.0
2023-03-16 22:36:06.983 [main] INFO  org.calculator.Calculate - [POWER - 3.0 RAISED TO] 3.0
2023-03-16 22:36:06.983 [main] INFO  org.calculator.Calculate - [RESULT - POWER] - 27.0
2023-03-16 22:36:06.983 [main] INFO  org.calculator.Calculate - [POWER - 4.0 RAISED TO] 3.0
2023-03-16 22:36:06.983 [main] INFO  org.calculator.Calculate - [RESULT - POWER] - 64.0
2023-03-16 22:36:06.983 [main] INFO  org.calculator.Calculate - [POWER - 5.0 RAISED TO] 3.0
2023-03-16 22:36:06.984 [main] INFO  org.calculator.Calculate - [RESULT - POWER] - 125.0
2023-03-16 22:36:06.984 [main] INFO  org.calculator.Calculate - [POWER - 2.0 RAISED TO] 3.0
2023-03-16 22:36:06.984 [main] INFO  org.calculator.Calculate - [RESULT - POWER] - 8.0
2023-03-16 22:36:06.984 [main] INFO  org.calculator.Calculate - [POWER - 1.0 RAISED TO] 3.0
2023-03-16 22:36:06.984 [main] INFO  org.calculator.Calculate - [RESULT - POWER] - 1.0
2023-03-16 22:36:06.985 [main] INFO  org.calculator.Calculate - [POWER - 3.0 RAISED TO] 4.0
2023-03-16 22:36:06.985 [main] INFO  org.calculator.Calculate - [RESULT - POWER] - 81.0
2023-03-16 22:36:06.985 [main] INFO  org.calculator.Calculate - [POWER - 4.0 RAISED TO] 3.0
2023-03-16 22:36:06.985 [main] INFO  org.calculator.Calculate - [RESULT - POWER] - 64.0
2023-03-16 22:36:06.985 [main] INFO  org.calculator.Calculate - [POWER - 5.0 RAISED TO] 2.0
2023-03-16 22:36:06.985 [main] INFO  org.calculator.Calculate - [RESULT - POWER] - 25.0
2023-03-16 22:36:06.986 [main] INFO  org.calculator.Calculate - [NATURAL LOG] - 2.4
2023-03-16 22:36:06.986 [main] INFO  org.calculator.Calculate - [RESULT - NATURAL LOG] - 0.8754687373538999
2023-03-16 22:36:06.986 [main] INFO  org.calculator.Calculate - [NATURAL LOG] - 2.1
2023-03-16 22:36:06.986 [main] INFO  org.calculator.Calculate - [RESULT - NATURAL LOG] - 0.7419373447293773
2023-03-16 22:38:49.786 [main] INFO  org.calculator.Calculate - [SQ ROOT] - 16.0
2023-03-16 22:38:49.788 [main] INFO  org.calculator.Calculate - [RESULT - SQ ROOT] - 4.0
2023-03-16 22:38:49.788 [main] INFO  org.calculator.Calculate - [SQ ROOT] - 1.0
2023-03-16 22:38:49.788 [main] INFO  org.calculator.Calculate - [RESULT - SQ ROOT] - 1.0
2023-03-16 22:38:49.789 [main] INFO  org.calculator.Calculate - [SQ ROOT] - 81.0
2023-03-16 22:38:49.789 [main] INFO  org.calculator.Calculate - [RESULT - SQ ROOT] - 9.0
2023-03-16 22:38:49.789 [main] INFO  org.calculator.Calculate - [SQ ROOT] - 36.0
2023-03-16 22:38:49.789 [main] INFO  org.calculator.Calculate - [RESULT - SQ ROOT] - 6.0
2023-03-16 22:38:49.790 [main] INFO  org.calculator.Calculate - [SQ ROOT] - 3.0
2023-03-16 22:38:49.790 [main] INFO  org.calculator.Calculate - [RESULT - SQ ROOT] - 1.7320508075688772
2023-03-16 22:38:49.790 [main] INFO  org.calculator.Calculate - [SQ ROOT] - 4.0
2023-03-16 22:38:49.791 [main] INFO  org.calculator.Calculate - [RESULT - SQ ROOT] - 2.0
2023-03-16 22:38:49.791 [main] INFO  org.calculator.Calculate - [SQ ROOT] - 81.0
2023-03-16 22:38:49.791 [main] INFO  org.calculator.Calculate - [RESULT - SQ ROOT] - 9.0
2023-03-16 22:38:49.791 [main] INFO  org.calculator.Calculate - [SQ ROOT] - 36.0
2023-03-16 22:38:49.791 [main] INFO  org.calculator.Calculate - [RESULT - SQ ROOT] - 6.0
2023-03-16 22:38:49.792 [main] INFO  org.calculator.Calculate - [NATURAL LOG] - 1.0
2023-03-16 22:38:49.793 [main] INFO  org.calculator.Calculate - [RESULT - NATURAL LOG] - 0.0
2023-03-16 22:38:49.801 [main] INFO  org.calculator.Calculate - [POWER - 2.0 RAISED TO] 3.0
2023-03-16 22:38:49.802 [main] INFO  org.calculator.Calculate - [RESULT - POWER] - 8.0
2023-03-16 22:38:49.802 [main] INFO  org.calculator.Calculate - [POWER - 3.0 RAISED TO] 3.0
2023-03-16 22:38:49.802 [main] INFO  org.calculator.Calculate - [RESULT - POWER] - 27.0
2023-03-16 22:38:49.802 [main] INFO  org.calculator.Calculate - [POWER - 4.0 RAISED TO] 3.0
2023-03-16 22:38:49.803 [main] INFO  org.calculator.Calculate - [RESULT - POWER] - 64.0
2023-03-16 22:38:49.803 [main] INFO  org.calculator.Calculate - [POWER - 5.0 RAISED TO] 3.0
2023-03-16 22:38:49.803 [main] INFO  org.calculator.Calculate - [RESULT - POWER] - 125.0
2023-03-16 22:38:49.803 [main] INFO  org.calculator.Calculate - [POWER - 2.0 RAISED TO] 3.0
2023-03-16 22:38:49.803 [main] INFO  org.calculator.Calculate - [RESULT - POWER] - 8.0
2023-03-16 22:38:49.804 [main] INFO  org.calculator.Calculate - [POWER - 1.0 RAISED TO] 3.0
2023-03-16 22:38:49.804 [main] INFO  org.calculator.Calculate - [RESULT - POWER] - 1.0
2023-03-16 22:38:49.804 [main] INFO  org.calculator.Calculate - [POWER - 3.0 RAISED TO] 4.0
2023-03-16 22:38:49.804 [main] INFO  org.calculator.Calculate - [RESULT - POWER] - 81.0
2023-03-16 22:38:49.805 [main] INFO  org.calculator.Calculate - [POWER - 4.0 RAISED TO] 3.0
2023-03-16 22:38:49.805 [main] INFO  org.calculator.Calculate - [RESULT - POWER] - 64.0
2023-03-16 22:38:49.805 [main] INFO  org.calculator.Calculate - [POWER - 5.0 RAISED TO] 2.0
2023-03-16 22:38:49.805 [main] INFO  org.calculator.Calculate - [RESULT - POWER] - 25.0
2023-03-16 22:38:49.806 [main] INFO  org.calculator.Calculate - [NATURAL LOG] - 2.4
2023-03-16 22:38:49.806 [main] INFO  org.calculator.Calculate - [RESULT - NATURAL LOG] - 0.8754687373538999
2023-03-16 22:38:49.806 [main] INFO  org.calculator.Calculate - [NATURAL LOG] - 2.1
2023-03-16 22:38:49.806 [main] INFO  org.calculator.Calculate - [RESULT - NATURAL LOG] - 0.7419373447293773
2023-03-16 22:44:08.681 [main] INFO  org.calculator.Calculate - [NATURAL LOG] - 34.0
2023-03-16 22:44:08.688 [main] INFO  org.calculator.Calculate - [RESULT - NATURAL LOG] - 3.5263605246161616
